** acts_as_taggable_on: initialized properly.
** acts_as_taggable_on: initialized properly.


Processing ApplicationController#index (for 127.0.0.1 at 2009-02-26 00:12:09) [GET]

ActionController::RoutingError (No route matches "/church" with {:method=>:get}):
  /home/bob/.gem/ruby/1.8/gems/actionpack-2.3.0/lib/action_controller/routing/recognition_optimisation.rb:66:in `recognize_path'
  /home/bob/.gem/ruby/1.8/gems/actionpack-2.3.0/lib/action_controller/routing/route_set.rb:437:in `recognize'
  /home/bob/.gem/ruby/1.8/gems/actionpack-2.3.0/lib/action_controller/routing/route_set.rb:432:in `call'
  /home/bob/.gem/ruby/1.8/gems/actionpack-2.3.0/lib/action_controller/dispatcher.rb:65:in `dispatch'
  /home/bob/.gem/ruby/1.8/gems/actionpack-2.3.0/lib/action_controller/dispatcher.rb:88:in `_call'
  /home/bob/.gem/ruby/1.8/gems/actionpack-2.3.0/lib/action_controller/dispatcher.rb:59:in `initialize'
  /home/bob/.gem/ruby/1.8/gems/activerecord-2.3.0/lib/active_record/query_cache.rb:29:in `call'
  /home/bob/.gem/ruby/1.8/gems/activerecord-2.3.0/lib/active_record/query_cache.rb:29:in `call'
  /home/bob/.gem/ruby/1.8/gems/activerecord-2.3.0/lib/active_record/connection_adapters/abstract/query_cache.rb:34:in `cache'
  /home/bob/.gem/ruby/1.8/gems/activerecord-2.3.0/lib/active_record/query_cache.rb:9:in `cache'
  /home/bob/.gem/ruby/1.8/gems/activerecord-2.3.0/lib/active_record/query_cache.rb:28:in `call'
  /home/bob/.gem/ruby/1.8/gems/actionpack-2.3.0/lib/action_controller/params_parser.rb:15:in `call'
  /home/bob/.gem/ruby/1.8/gems/actionpack-2.3.0/lib/action_controller/rewindable_input.rb:25:in `call'
  /home/bob/.gem/ruby/1.8/gems/actionpack-2.3.0/lib/action_controller/session/cookie_store.rb:93:in `call'
  /home/bob/.gem/ruby/1.8/gems/actionpack-2.3.0/lib/action_controller/failsafe.rb:11:in `call'
  /home/bob/.gem/ruby/1.8/gems/actionpack-2.3.0/lib/action_controller/rack_ext/lock.rb:15:in `call'
  /home/bob/.gem/ruby/1.8/gems/actionpack-2.3.0/lib/action_controller/rack_ext/lock.rb:15:in `synchronize'
  /home/bob/.gem/ruby/1.8/gems/actionpack-2.3.0/lib/action_controller/rack_ext/lock.rb:15:in `call'
  /home/bob/.gem/ruby/1.8/gems/actionpack-2.3.0/lib/action_controller/dispatcher.rb:83:in `call'
  /home/bob/.gem/ruby/1.8/gems/actionpack-2.3.0/lib/action_controller/cgi_process.rb:44:in `dispatch_cgi'
  /home/bob/.gem/ruby/1.8/gems/actionpack-2.3.0/lib/action_controller/dispatcher.rb:79:in `dispatch_cgi'
  /home/bob/.gem/ruby/1.8/gems/actionpack-2.3.0/lib/action_controller/dispatcher.rb:29:in `dispatch'
  thin (1.0.0) lib/thin/connection.rb:63:in `pre_process'
  thin (1.0.0) lib/thin/connection.rb:54:in `process'
  thin (1.0.0) lib/thin/connection.rb:39:in `receive_data'
  eventmachine (0.12.4) lib/eventmachine.rb:237:in `run_machine'
  eventmachine (0.12.4) lib/eventmachine.rb:237:in `run'
  thin (1.0.0) lib/thin/backends/base.rb:57:in `start'
  thin (1.0.0) lib/thin/server.rb:150:in `start'
  thin (1.0.0) lib/thin/controllers/controller.rb:80:in `start'
  thin (1.0.0) lib/thin/runner.rb:173:in `send'
  thin (1.0.0) lib/thin/runner.rb:173:in `run_command'
  thin (1.0.0) lib/thin/runner.rb:139:in `run!'
  thin (1.0.0) bin/thin:6
  /usr/bin/thin:19:in `load'
  /usr/bin/thin:19

Rendering rescues/layout (not_found)


Processing ChurchesController#index (for 127.0.0.1 at 2009-02-26 00:12:21) [GET]
  [4;36;1mChurch Load (0.0ms)[0m   [0;1mSQLite3::SQLException: no such table: churches: SELECT * FROM "churches" [0m

ActiveRecord::StatementInvalid (SQLite3::SQLException: no such table: churches: SELECT * FROM "churches" ):
  /home/bob/.gem/ruby/1.8/gems/activerecord-2.3.0/lib/active_record/connection_adapters/abstract_adapter.rb:212:in `log'
  /home/bob/.gem/ruby/1.8/gems/activerecord-2.3.0/lib/active_record/connection_adapters/sqlite_adapter.rb:132:in `execute'
  /home/bob/.gem/ruby/1.8/gems/activerecord-2.3.0/lib/active_record/connection_adapters/sqlite_adapter.rb:372:in `catch_schema_changes'
  /home/bob/.gem/ruby/1.8/gems/activerecord-2.3.0/lib/active_record/connection_adapters/sqlite_adapter.rb:132:in `execute'
  /home/bob/.gem/ruby/1.8/gems/activerecord-2.3.0/lib/active_record/connection_adapters/sqlite_adapter.rb:275:in `select'
  /home/bob/.gem/ruby/1.8/gems/activerecord-2.3.0/lib/active_record/connection_adapters/abstract/database_statements.rb:7:in `select_all_without_query_cache'
  /home/bob/.gem/ruby/1.8/gems/activerecord-2.3.0/lib/active_record/connection_adapters/abstract/query_cache.rb:60:in `select_all'
  /home/bob/.gem/ruby/1.8/gems/activerecord-2.3.0/lib/active_record/connection_adapters/abstract/query_cache.rb:81:in `cache_sql'
  /home/bob/.gem/ruby/1.8/gems/activerecord-2.3.0/lib/active_record/connection_adapters/abstract/query_cache.rb:60:in `select_all'
  /home/bob/.gem/ruby/1.8/gems/activerecord-2.3.0/lib/active_record/base.rb:661:in `find_by_sql'
  /home/bob/.gem/ruby/1.8/gems/activerecord-2.3.0/lib/active_record/base.rb:1554:in `find_every'
  /home/bob/.gem/ruby/1.8/gems/activerecord-2.3.0/lib/active_record/base.rb:615:in `find'
  app/controllers/churches_controller.rb:5:in `index'
  /home/bob/.gem/ruby/1.8/gems/actionpack-2.3.0/lib/action_controller/base.rb:1261:in `send'
  /home/bob/.gem/ruby/1.8/gems/actionpack-2.3.0/lib/action_controller/base.rb:1261:in `perform_action_without_filters'
  /home/bob/.gem/ruby/1.8/gems/actionpack-2.3.0/lib/action_controller/filters.rb:617:in `call_filters'
  /home/bob/.gem/ruby/1.8/gems/actionpack-2.3.0/lib/action_controller/filters.rb:610:in `perform_action_without_benchmark'
  /home/bob/.gem/ruby/1.8/gems/actionpack-2.3.0/lib/action_controller/benchmarking.rb:68:in `perform_action_without_rescue'
  /home/bob/.gem/ruby/1.8/gems/actionpack-2.3.0/lib/action_controller/benchmarking.rb:68:in `perform_action_without_rescue'
  /home/bob/.gem/ruby/1.8/gems/actionpack-2.3.0/lib/action_controller/rescue.rb:154:in `perform_action_without_flash'
  /home/bob/.gem/ruby/1.8/gems/actionpack-2.3.0/lib/action_controller/flash.rb:141:in `perform_action'
  /home/bob/.gem/ruby/1.8/gems/actionpack-2.3.0/lib/action_controller/base.rb:523:in `send'
  /home/bob/.gem/ruby/1.8/gems/actionpack-2.3.0/lib/action_controller/base.rb:523:in `process_without_filters'
  /home/bob/.gem/ruby/1.8/gems/actionpack-2.3.0/lib/action_controller/filters.rb:606:in `process'
  /home/bob/.gem/ruby/1.8/gems/actionpack-2.3.0/lib/action_controller/base.rb:391:in `process'
  /home/bob/.gem/ruby/1.8/gems/actionpack-2.3.0/lib/action_controller/base.rb:386:in `call'
  /home/bob/.gem/ruby/1.8/gems/actionpack-2.3.0/lib/action_controller/routing/route_set.rb:433:in `call'
  /home/bob/.gem/ruby/1.8/gems/actionpack-2.3.0/lib/action_controller/dispatcher.rb:65:in `dispatch'
  /home/bob/.gem/ruby/1.8/gems/actionpack-2.3.0/lib/action_controller/dispatcher.rb:88:in `_call'
  /home/bob/.gem/ruby/1.8/gems/actionpack-2.3.0/lib/action_controller/dispatcher.rb:59:in `initialize'
  /home/bob/.gem/ruby/1.8/gems/activerecord-2.3.0/lib/active_record/query_cache.rb:29:in `call'
  /home/bob/.gem/ruby/1.8/gems/activerecord-2.3.0/lib/active_record/query_cache.rb:29:in `call'
  /home/bob/.gem/ruby/1.8/gems/activerecord-2.3.0/lib/active_record/connection_adapters/abstract/query_cache.rb:34:in `cache'
  /home/bob/.gem/ruby/1.8/gems/activerecord-2.3.0/lib/active_record/query_cache.rb:9:in `cache'
  /home/bob/.gem/ruby/1.8/gems/activerecord-2.3.0/lib/active_record/query_cache.rb:28:in `call'
  /home/bob/.gem/ruby/1.8/gems/actionpack-2.3.0/lib/action_controller/params_parser.rb:15:in `call'
  /home/bob/.gem/ruby/1.8/gems/actionpack-2.3.0/lib/action_controller/rewindable_input.rb:25:in `call'
  /home/bob/.gem/ruby/1.8/gems/actionpack-2.3.0/lib/action_controller/session/cookie_store.rb:93:in `call'
  /home/bob/.gem/ruby/1.8/gems/actionpack-2.3.0/lib/action_controller/failsafe.rb:11:in `call'
  /home/bob/.gem/ruby/1.8/gems/actionpack-2.3.0/lib/action_controller/rack_ext/lock.rb:15:in `call'
  /home/bob/.gem/ruby/1.8/gems/actionpack-2.3.0/lib/action_controller/rack_ext/lock.rb:15:in `synchronize'
  /home/bob/.gem/ruby/1.8/gems/actionpack-2.3.0/lib/action_controller/rack_ext/lock.rb:15:in `call'
  /home/bob/.gem/ruby/1.8/gems/actionpack-2.3.0/lib/action_controller/dispatcher.rb:83:in `call'
  /home/bob/.gem/ruby/1.8/gems/actionpack-2.3.0/lib/action_controller/cgi_process.rb:44:in `dispatch_cgi'
  /home/bob/.gem/ruby/1.8/gems/actionpack-2.3.0/lib/action_controller/dispatcher.rb:79:in `dispatch_cgi'
  /home/bob/.gem/ruby/1.8/gems/actionpack-2.3.0/lib/action_controller/dispatcher.rb:29:in `dispatch'
  thin (1.0.0) lib/thin/connection.rb:63:in `pre_process'
  thin (1.0.0) lib/thin/connection.rb:54:in `process'
  thin (1.0.0) lib/thin/connection.rb:39:in `receive_data'
  eventmachine (0.12.4) lib/eventmachine.rb:237:in `run_machine'
  eventmachine (0.12.4) lib/eventmachine.rb:237:in `run'
  thin (1.0.0) lib/thin/backends/base.rb:57:in `start'
  thin (1.0.0) lib/thin/server.rb:150:in `start'
  thin (1.0.0) lib/thin/controllers/controller.rb:80:in `start'
  thin (1.0.0) lib/thin/runner.rb:173:in `send'
  thin (1.0.0) lib/thin/runner.rb:173:in `run_command'
  thin (1.0.0) lib/thin/runner.rb:139:in `run!'
  thin (1.0.0) bin/thin:6
  /usr/bin/thin:19:in `load'
  /usr/bin/thin:19

Rendered rescues/_trace (453.4ms)
Rendered rescues/_request_and_response (0.9ms)
Rendering rescues/layout (internal_server_error)
** acts_as_taggable_on: initialized properly.
  [4;36;1mSQL (0.6ms)[0m   [0;1m SELECT name
 FROM sqlite_master
 WHERE type = 'table' AND NOT name = 'sqlite_sequence'
[0m
  [4;35;1mSQL (0.3ms)[0m   [0mselect sqlite_version(*)[0m
  [4;36;1mSQL (7.3ms)[0m   [0;1mCREATE TABLE "schema_migrations" ("version" varchar(255) NOT NULL) [0m
  [4;35;1mSQL (3.6ms)[0m   [0mCREATE UNIQUE INDEX "unique_schema_migrations" ON "schema_migrations" ("version")[0m
  [4;36;1mSQL (0.7ms)[0m   [0;1m SELECT name
 FROM sqlite_master
 WHERE type = 'table' AND NOT name = 'sqlite_sequence'
[0m
  [4;35;1mSQL (0.2ms)[0m   [0mSELECT version FROM schema_migrations[0m
Migrating to CreateChurches (20090226061145)
  [4;36;1mSQL (5.1ms)[0m   [0;1mCREATE TABLE "churches" ("id" INTEGER PRIMARY KEY AUTOINCREMENT NOT NULL, "name" varchar(255), "street" varchar(255), "city" varchar(255), "state" varchar(255), "zip" varchar(255), "created_at" datetime, "updated_at" datetime) [0m
  [4;35;1mSQL (7.7ms)[0m   [0mINSERT INTO schema_migrations (version) VALUES ('20090226061145')[0m
  [4;36;1mSQL (0.7ms)[0m   [0;1m SELECT name
 FROM sqlite_master
 WHERE type = 'table' AND NOT name = 'sqlite_sequence'
[0m
  [4;35;1mSQL (0.3ms)[0m   [0mSELECT version FROM schema_migrations[0m
  [4;36;1mSQL (0.4ms)[0m   [0;1m SELECT name
 FROM sqlite_master
 WHERE type = 'table' AND NOT name = 'sqlite_sequence'
[0m
  [4;35;1mSQL (0.1ms)[0m   [0mPRAGMA index_list("churches")[0m
** acts_as_taggable_on: initialized properly.


Processing ChurchesController#index (for 127.0.0.1 at 2009-02-26 00:12:39) [GET]
  [4;36;1mChurch Load (1.0ms)[0m   [0;1mSELECT * FROM "churches" [0m
Rendering template within layouts/churches
Rendering churches/index
Completed in 179ms (View: 171, DB: 1) | 200 OK [http://localhost/churches]


Processing ChurchesController#new (for 127.0.0.1 at 2009-02-26 00:12:41) [GET]
Rendering template within layouts/churches
Rendering churches/new
Completed in 122ms (View: 85, DB: 0) | 200 OK [http://localhost/churches/new]


Processing ChurchesController#create (for 127.0.0.1 at 2009-02-26 00:13:11) [POST]
  Parameters: {"church"=>{"city"=>"New Ulm", "name"=>"Martin Luther College", "zip"=>"56073", "street"=>"1995 Luther Court", "state"=>"MN"}, "commit"=>"Create", "authenticity_token"=>"m1/bUA4isyMW9PHeZjE0GT9G4H/02kwUeP6E7FtnSds="}
  [4;35;1mChurch Create (1.5ms)[0m   [0mINSERT INTO "churches" ("name", "city", "zip", "updated_at", "street", "state", "created_at") VALUES('Martin Luther College', 'New Ulm', '56073', '2009-02-26 06:13:11', '1995 Luther Court', 'MN', '2009-02-26 06:13:11')[0m
Redirected to #<Church:0xb6e329b4>
Completed in 206ms (DB: 1) | 302 Found [http://localhost/churches]


Processing ChurchesController#show (for 127.0.0.1 at 2009-02-26 00:13:12) [GET]
  Parameters: {"id"=>"1"}
  [4;36;1mChurch Load (0.6ms)[0m   [0;1mSELECT * FROM "churches" WHERE ("churches"."id" = 1) [0m
Rendering template within layouts/churches
Rendering churches/show
Completed in 40ms (View: 18, DB: 1) | 200 OK [http://localhost/churches/1]


Processing ChurchesController#index (for 127.0.0.1 at 2009-02-26 00:13:14) [GET]
  [4;35;1mChurch Load (3.3ms)[0m   [0mSELECT * FROM "churches" [0m
Rendering template within layouts/churches
Rendering churches/index
Completed in 123ms (View: 88, DB: 3) | 200 OK [http://localhost/churches]


Processing ChurchesController#destroy (for 127.0.0.1 at 2009-02-26 00:13:28) [DELETE]
  Parameters: {"authenticity_token"=>"m1/bUA4isyMW9PHeZjE0GT9G4H/02kwUeP6E7FtnSds=", "id"=>"1"}
  [4;36;1mChurch Load (1.3ms)[0m   [0;1mSELECT * FROM "churches" WHERE ("churches"."id" = 1) [0m
  [4;35;1mChurch Destroy (0.6ms)[0m   [0mDELETE FROM "churches" WHERE "id" = 1[0m
Redirected to http://localhost:3000/churches
Completed in 116ms (DB: 2) | 302 Found [http://localhost/churches/1]


Processing ChurchesController#index (for 127.0.0.1 at 2009-02-26 00:13:28) [GET]
  [4;36;1mChurch Load (10.8ms)[0m   [0;1mSELECT * FROM "churches" [0m
Rendering template within layouts/churches
Rendering churches/index
Completed in 126ms (View: 72, DB: 11) | 200 OK [http://localhost/churches]
** acts_as_taggable_on: initialized properly.
  [4;36;1mSQL (1.1ms)[0m   [0;1m SELECT name
 FROM sqlite_master
 WHERE type = 'table' AND NOT name = 'sqlite_sequence'
[0m
  [4;35;1mSQL (0.3ms)[0m   [0mSELECT version FROM schema_migrations[0m
  [4;36;1mSQL (0.4ms)[0m   [0;1mselect sqlite_version(*)[0m
  [4;35;1mSQL (0.3ms)[0m   [0m SELECT name
 FROM sqlite_master
 WHERE type = 'table' AND NOT name = 'sqlite_sequence'
[0m
  [4;36;1mSQL (7.2ms)[0m   [0;1mCREATE TABLE "churches" ("id" INTEGER PRIMARY KEY AUTOINCREMENT NOT NULL, "name" varchar(255), "street" varchar(255), "city" varchar(255), "state" varchar(255), "zip" varchar(255), "created_at" datetime, "updated_at" datetime) [0m
  [4;35;1mSQL (0.3ms)[0m   [0m SELECT name
 FROM sqlite_master
 WHERE type = 'table' AND NOT name = 'sqlite_sequence'
[0m
  [4;36;1mSQL (4.2ms)[0m   [0;1mCREATE TABLE "schema_migrations" ("version" varchar(255) NOT NULL) [0m
  [4;35;1mSQL (62.3ms)[0m   [0mCREATE UNIQUE INDEX "unique_schema_migrations" ON "schema_migrations" ("version")[0m
  [4;36;1mSQL (0.5ms)[0m   [0;1m SELECT name
 FROM sqlite_master
 WHERE type = 'table' AND NOT name = 'sqlite_sequence'
[0m
  [4;35;1mSQL (0.2ms)[0m   [0mSELECT version FROM "schema_migrations"[0m
  [4;36;1mSQL (3.7ms)[0m   [0;1mINSERT INTO "schema_migrations" (version) VALUES ('20090226061145')[0m
** acts_as_taggable_on: initialized properly.
  [4;36;1mSQL (1.7ms)[0m   [0;1m SELECT name
 FROM sqlite_master
 WHERE type = 'table' AND NOT name = 'sqlite_sequence'
[0m
  [4;35;1mSQL (0.3ms)[0m   [0mSELECT version FROM schema_migrations[0m
  [4;36;1mSQL (0.4ms)[0m   [0;1mselect sqlite_version(*)[0m
  [4;35;1mSQL (0.3ms)[0m   [0m SELECT name
 FROM sqlite_master
 WHERE type = 'table' AND NOT name = 'sqlite_sequence'
[0m
  [4;36;1mSQL (304.4ms)[0m   [0;1mCREATE TABLE "churches" ("id" INTEGER PRIMARY KEY AUTOINCREMENT NOT NULL, "name" varchar(255), "street" varchar(255), "city" varchar(255), "state" varchar(255), "zip" varchar(255), "created_at" datetime, "updated_at" datetime) [0m
  [4;35;1mSQL (0.4ms)[0m   [0m SELECT name
 FROM sqlite_master
 WHERE type = 'table' AND NOT name = 'sqlite_sequence'
[0m
  [4;36;1mSQL (4.2ms)[0m   [0;1mCREATE TABLE "schema_migrations" ("version" varchar(255) NOT NULL) [0m
  [4;35;1mSQL (10.0ms)[0m   [0mCREATE UNIQUE INDEX "unique_schema_migrations" ON "schema_migrations" ("version")[0m
  [4;36;1mSQL (1.5ms)[0m   [0;1m SELECT name
 FROM sqlite_master
 WHERE type = 'table' AND NOT name = 'sqlite_sequence'
[0m
  [4;35;1mSQL (0.3ms)[0m   [0mSELECT version FROM "schema_migrations"[0m
  [4;36;1mSQL (4.4ms)[0m   [0;1mINSERT INTO "schema_migrations" (version) VALUES ('20090226061145')[0m
** acts_as_taggable_on: initialized properly.
** acts_as_taggable_on: initialized properly.
  [4;36;1mSQL (1.1ms)[0m   [0;1m SELECT name
 FROM sqlite_master
 WHERE type = 'table' AND NOT name = 'sqlite_sequence'
[0m
  [4;35;1mSQL (0.3ms)[0m   [0mSELECT version FROM schema_migrations[0m
Migrating to CreateChurches (20090226061145)
Migrating to CreateServices (20090228074926)
** acts_as_taggable_on: initialized properly.
  [4;36;1mSQL (1.4ms)[0m   [0;1m SELECT name
 FROM sqlite_master
 WHERE type = 'table' AND NOT name = 'sqlite_sequence'
[0m
  [4;35;1mSQL (0.3ms)[0m   [0mSELECT version FROM schema_migrations[0m
Migrating to CreateChurches (20090226061145)
Migrating to CreateServices (20090228074926)
  [4;36;1mSQL (0.3ms)[0m   [0;1mselect sqlite_version(*)[0m
  [4;35;1mSQL (106.8ms)[0m   [0mCREATE TABLE "services" ("id" INTEGER PRIMARY KEY AUTOINCREMENT NOT NULL, "name" varchar(255), "church_id" integer, "created_at" datetime, "updated_at" datetime) [0m
  [4;36;1mSQL (3.6ms)[0m   [0;1mINSERT INTO schema_migrations (version) VALUES ('20090228074926')[0m
  [4;35;1mSQL (0.7ms)[0m   [0m SELECT name
 FROM sqlite_master
 WHERE type = 'table' AND NOT name = 'sqlite_sequence'
[0m
  [4;36;1mSQL (0.4ms)[0m   [0;1mSELECT version FROM schema_migrations[0m
  [4;35;1mSQL (0.5ms)[0m   [0m SELECT name
 FROM sqlite_master
 WHERE type = 'table' AND NOT name = 'sqlite_sequence'
[0m
  [4;36;1mSQL (0.1ms)[0m   [0;1mPRAGMA index_list("churches")[0m
  [4;35;1mSQL (0.1ms)[0m   [0mPRAGMA index_list("services")[0m
** acts_as_taggable_on: initialized properly.
  [4;36;1mSQL (1.2ms)[0m   [0;1m SELECT name
 FROM sqlite_master
 WHERE type = 'table' AND NOT name = 'sqlite_sequence'
[0m
  [4;35;1mSQL (0.4ms)[0m   [0mSELECT version FROM schema_migrations[0m
Migrating to CreateChurches (20090226061145)
Migrating to CreateServices (20090228074926)
  [4;36;1mSQL (0.3ms)[0m   [0;1mselect sqlite_version(*)[0m
  [4;35;1mSQL (0.5ms)[0m   [0m SELECT name
 FROM sqlite_master
 WHERE type = 'table' AND NOT name = 'sqlite_sequence'
[0m
  [4;36;1mSQL (0.4ms)[0m   [0;1mSELECT version FROM schema_migrations[0m
  [4;35;1mSQL (0.5ms)[0m   [0m SELECT name
 FROM sqlite_master
 WHERE type = 'table' AND NOT name = 'sqlite_sequence'
[0m
  [4;36;1mSQL (0.1ms)[0m   [0;1mPRAGMA index_list("churches")[0m
  [4;35;1mSQL (0.1ms)[0m   [0mPRAGMA index_list("services")[0m
** acts_as_taggable_on: initialized properly.
  [4;36;1mSQL (1.2ms)[0m   [0;1m SELECT name
 FROM sqlite_master
 WHERE type = 'table' AND NOT name = 'sqlite_sequence'
[0m
  [4;35;1mSQL (0.4ms)[0m   [0mSELECT version FROM schema_migrations[0m
  [4;36;1mSQL (0.4ms)[0m   [0;1mselect sqlite_version(*)[0m
  [4;35;1mSQL (0.3ms)[0m   [0m SELECT name
 FROM sqlite_master
 WHERE type = 'table' AND NOT name = 'sqlite_sequence'
[0m
  [4;36;1mSQL (7.0ms)[0m   [0;1mCREATE TABLE "churches" ("id" INTEGER PRIMARY KEY AUTOINCREMENT NOT NULL, "name" varchar(255), "street" varchar(255), "city" varchar(255), "state" varchar(255), "zip" varchar(255), "created_at" datetime, "updated_at" datetime) [0m
  [4;35;1mSQL (0.3ms)[0m   [0m SELECT name
 FROM sqlite_master
 WHERE type = 'table' AND NOT name = 'sqlite_sequence'
[0m
  [4;36;1mSQL (5.0ms)[0m   [0;1mCREATE TABLE "services" ("id" INTEGER PRIMARY KEY AUTOINCREMENT NOT NULL, "name" varchar(255), "church_id" integer, "created_at" datetime, "updated_at" datetime) [0m
  [4;35;1mSQL (0.4ms)[0m   [0m SELECT name
 FROM sqlite_master
 WHERE type = 'table' AND NOT name = 'sqlite_sequence'
[0m
  [4;36;1mSQL (5.4ms)[0m   [0;1mCREATE TABLE "schema_migrations" ("version" varchar(255) NOT NULL) [0m
  [4;35;1mSQL (5.0ms)[0m   [0mCREATE UNIQUE INDEX "unique_schema_migrations" ON "schema_migrations" ("version")[0m
  [4;36;1mSQL (0.7ms)[0m   [0;1m SELECT name
 FROM sqlite_master
 WHERE type = 'table' AND NOT name = 'sqlite_sequence'
[0m
  [4;35;1mSQL (0.2ms)[0m   [0mSELECT version FROM "schema_migrations"[0m
  [4;36;1mSQL (5.8ms)[0m   [0;1mINSERT INTO "schema_migrations" (version) VALUES ('20090228074926')[0m
  [4;35;1mSQL (7.6ms)[0m   [0mINSERT INTO "schema_migrations" (version) VALUES ('20090226061145')[0m
** acts_as_taggable_on: initialized properly.
  [4;36;1mSQL (1.2ms)[0m   [0;1m SELECT name
 FROM sqlite_master
 WHERE type = 'table' AND NOT name = 'sqlite_sequence'
[0m
  [4;35;1mSQL (0.4ms)[0m   [0mSELECT version FROM schema_migrations[0m
  [4;36;1mSQL (0.4ms)[0m   [0;1mselect sqlite_version(*)[0m
  [4;35;1mSQL (0.3ms)[0m   [0m SELECT name
 FROM sqlite_master
 WHERE type = 'table' AND NOT name = 'sqlite_sequence'
[0m
  [4;36;1mSQL (104.2ms)[0m   [0;1mCREATE TABLE "churches" ("id" INTEGER PRIMARY KEY AUTOINCREMENT NOT NULL, "name" varchar(255), "street" varchar(255), "city" varchar(255), "state" varchar(255), "zip" varchar(255), "created_at" datetime, "updated_at" datetime) [0m
  [4;35;1mSQL (0.4ms)[0m   [0m SELECT name
 FROM sqlite_master
 WHERE type = 'table' AND NOT name = 'sqlite_sequence'
[0m
  [4;36;1mSQL (4.0ms)[0m   [0;1mCREATE TABLE "services" ("id" INTEGER PRIMARY KEY AUTOINCREMENT NOT NULL, "name" varchar(255), "church_id" integer, "created_at" datetime, "updated_at" datetime) [0m
  [4;35;1mSQL (0.7ms)[0m   [0m SELECT name
 FROM sqlite_master
 WHERE type = 'table' AND NOT name = 'sqlite_sequence'
[0m
  [4;36;1mSQL (4.7ms)[0m   [0;1mCREATE TABLE "schema_migrations" ("version" varchar(255) NOT NULL) [0m
  [4;35;1mSQL (5.0ms)[0m   [0mCREATE UNIQUE INDEX "unique_schema_migrations" ON "schema_migrations" ("version")[0m
  [4;36;1mSQL (0.5ms)[0m   [0;1m SELECT name
 FROM sqlite_master
 WHERE type = 'table' AND NOT name = 'sqlite_sequence'
[0m
  [4;35;1mSQL (0.1ms)[0m   [0mSELECT version FROM "schema_migrations"[0m
  [4;36;1mSQL (4.0ms)[0m   [0;1mINSERT INTO "schema_migrations" (version) VALUES ('20090228074926')[0m
  [4;35;1mSQL (8.1ms)[0m   [0mINSERT INTO "schema_migrations" (version) VALUES ('20090226061145')[0m
** acts_as_taggable_on: initialized properly.
  [4;36;1mSQL (1.2ms)[0m   [0;1m SELECT name
 FROM sqlite_master
 WHERE type = 'table' AND NOT name = 'sqlite_sequence'
[0m
  [4;35;1mSQL (0.4ms)[0m   [0mSELECT version FROM schema_migrations[0m
  [4;36;1mSQL (0.4ms)[0m   [0;1mselect sqlite_version(*)[0m
  [4;35;1mSQL (0.3ms)[0m   [0m SELECT name
 FROM sqlite_master
 WHERE type = 'table' AND NOT name = 'sqlite_sequence'
[0m
  [4;36;1mSQL (103.9ms)[0m   [0;1mCREATE TABLE "churches" ("id" INTEGER PRIMARY KEY AUTOINCREMENT NOT NULL, "name" varchar(255), "street" varchar(255), "city" varchar(255), "state" varchar(255), "zip" varchar(255), "created_at" datetime, "updated_at" datetime) [0m
  [4;35;1mSQL (0.4ms)[0m   [0m SELECT name
 FROM sqlite_master
 WHERE type = 'table' AND NOT name = 'sqlite_sequence'
[0m
  [4;36;1mSQL (4.1ms)[0m   [0;1mCREATE TABLE "services" ("id" INTEGER PRIMARY KEY AUTOINCREMENT NOT NULL, "name" varchar(255), "church_id" integer, "created_at" datetime, "updated_at" datetime) [0m
  [4;35;1mSQL (0.4ms)[0m   [0m SELECT name
 FROM sqlite_master
 WHERE type = 'table' AND NOT name = 'sqlite_sequence'
[0m
  [4;36;1mSQL (4.0ms)[0m   [0;1mCREATE TABLE "schema_migrations" ("version" varchar(255) NOT NULL) [0m
  [4;35;1mSQL (4.0ms)[0m   [0mCREATE UNIQUE INDEX "unique_schema_migrations" ON "schema_migrations" ("version")[0m
  [4;36;1mSQL (0.5ms)[0m   [0;1m SELECT name
 FROM sqlite_master
 WHERE type = 'table' AND NOT name = 'sqlite_sequence'
[0m
  [4;35;1mSQL (0.2ms)[0m   [0mSELECT version FROM "schema_migrations"[0m
  [4;36;1mSQL (4.2ms)[0m   [0;1mINSERT INTO "schema_migrations" (version) VALUES ('20090228074926')[0m
  [4;35;1mSQL (4.4ms)[0m   [0mINSERT INTO "schema_migrations" (version) VALUES ('20090226061145')[0m
** acts_as_taggable_on: initialized properly.


Processing Rails::InfoController#properties (for 127.0.0.1 at 2009-03-03 17:12:49) [GET]
  [4;36;1mSQL (3.3ms)[0m   [0;1m SELECT name
 FROM sqlite_master
 WHERE type = 'table' AND NOT name = 'sqlite_sequence'
[0m
  [4;35;1mSQL (0.8ms)[0m   [0mSELECT version FROM schema_migrations[0m
Completed in 166ms (View: 36, DB: 4) | 200 OK [http://localhost/rails/info/properties]


Processing ChurchesController#index (for 127.0.0.1 at 2009-03-03 17:13:05) [GET]
  [4;36;1mChurch Load (1.3ms)[0m   [0;1mSELECT * FROM "churches" [0m
Rendering template within layouts/churches
Rendering churches/index
Completed in 383ms (View: 313, DB: 1) | 200 OK [http://localhost/churches]


Processing ChurchesController#index (for 127.0.0.1 at 2009-03-03 17:14:00) [GET]
  [4;35;1mChurch Load (1.7ms)[0m   [0mSELECT * FROM "churches" [0m
Rendering template within layouts/churches
Rendering churches/index
Completed in 143ms (View: 101, DB: 2) | 200 OK [http://localhost/churches]


Processing ChurchesController#new (for 127.0.0.1 at 2009-03-03 17:14:03) [GET]
Rendering template within layouts/churches
Rendering churches/new
Completed in 100ms (View: 67, DB: 0) | 200 OK [http://localhost/churches/new]


Processing ChurchesController#create (for 127.0.0.1 at 2009-03-03 17:14:21) [POST]
  Parameters: {"church"=>{"city"=>"New Ulm", "name"=>"St. Paul's", "zip"=>"56073", "street"=>"1995 Luther Court", "state"=>"MN"}, "commit"=>"Create", "authenticity_token"=>"U2RW/Oq9Wvl4AeZ7Z6563TqM+HR5rrg8skdsEnxVXpE="}
  [4;36;1mChurch Create (1.5ms)[0m   [0;1mINSERT INTO "churches" ("name", "city", "zip", "updated_at", "street", "state", "created_at") VALUES('St. Paul''s', 'New Ulm', '56073', '2009-03-03 23:14:21', '1995 Luther Court', 'MN', '2009-03-03 23:14:21')[0m
Redirected to #<Church:0xb6fea248>
Completed in 105ms (DB: 2) | 302 Found [http://localhost/churches]


Processing ChurchesController#show (for 127.0.0.1 at 2009-03-03 17:14:21) [GET]
  Parameters: {"id"=>"2"}
  [4;35;1mChurch Load (1.5ms)[0m   [0mSELECT * FROM "churches" WHERE ("churches"."id" = 2) [0m
Rendering template within layouts/churches
Rendering churches/show
Completed in 87ms (View: 50, DB: 2) | 200 OK [http://localhost/churches/2]


Processing ChurchesController#index (for 127.0.0.1 at 2009-03-03 17:14:24) [GET]
  [4;36;1mChurch Load (1.9ms)[0m   [0;1mSELECT * FROM "churches" [0m
Rendering template within layouts/churches
Rendering churches/index
  [4;35;1mSQL (1.0ms)[0m   [0mSELECT count(*) AS count_all FROM "services" WHERE ("services".church_id = 2) [0m
Completed in 119ms (View: 90, DB: 3) | 200 OK [http://localhost/churches]
** acts_as_taggable_on: initialized properly.
  [4;36;1mChurch Load (2.7ms)[0m   [0;1mSELECT * FROM "churches" LIMIT 1[0m
  [4;35;1mChurch Load (1.3ms)[0m   [0mSELECT * FROM "churches" LIMIT 1[0m
  [4;36;1mService Create (1.6ms)[0m   [0;1mINSERT INTO "services" ("name", "church_id", "updated_at", "created_at") VALUES('First Sunday in Lent', 2, '2009-03-03 23:16:26', '2009-03-03 23:16:26')[0m
  [4;35;1mSQL (1.0ms)[0m   [0mSELECT count(*) AS count_all FROM "services" WHERE ("services".church_id = 2) [0m


Processing ChurchesController#index (for 127.0.0.1 at 2009-03-03 17:16:35) [GET]
  [4;36;1mChurch Load (2.1ms)[0m   [0;1mSELECT * FROM "churches" [0m
Rendering template within layouts/churches
Rendering churches/index
  [4;35;1mSQL (0.8ms)[0m   [0mSELECT count(*) AS count_all FROM "services" WHERE ("services".church_id = 2) [0m
Completed in 352ms (View: 322, DB: 3) | 200 OK [http://localhost/churches]


Processing ServicesController#index (for 127.0.0.1 at 2009-03-03 17:17:22) [GET]
  [4;36;1mService Load (7.3ms)[0m   [0;1mSELECT * FROM "services" [0m
Rendering template within layouts/services
Rendering services/index
Completed in 173ms (View: 127, DB: 7) | 200 OK [http://localhost/services]
** acts_as_taggable_on: initialized properly.


Processing Rails::InfoController#properties (for 127.0.0.1 at 2009-04-17 00:35:04) [GET]
  [4;36;1mSQL (1.5ms)[0m   [0;1m SELECT name
 FROM sqlite_master
 WHERE type = 'table' AND NOT name = 'sqlite_sequence'
[0m
  [4;35;1mSQL (0.4ms)[0m   [0mSELECT version FROM schema_migrations[0m
Completed in 331ms (View: 4, DB: 2) | 200 OK [http://localhost/rails/info/properties]
** acts_as_taggable_on: initialized properly.


Processing ServicesController#index (for 127.0.0.1 at 2009-04-17 00:38:43) [GET]
  [4;36;1mService Load (1.3ms)[0m   [0;1mSELECT * FROM "services" [0m
Rendering template within layouts/services
Rendering services/index
Completed in 253ms (View: 217, DB: 1) | 200 OK [http://localhost/services]


Processing ServicesController#show (for 127.0.0.1 at 2009-04-17 00:38:46) [GET]
  Parameters: {"id"=>"1"}
  [4;35;1mService Load (0.7ms)[0m   [0mSELECT * FROM "services" WHERE ("services"."id" = 1) [0m
Rendering template within layouts/services
Rendering services/show
Completed in 148ms (View: 126, DB: 1) | 200 OK [http://localhost/services/1]
** acts_as_taggable_on: initialized properly.
** acts_as_taggable_on: initialized properly.
** acts_as_taggable_on: initialized properly.


Processing Rails::InfoController#properties (for 127.0.0.1 at 2009-04-20 20:02:17) [GET]
  [4;36;1mSQL (2.2ms)[0m   [0;1m SELECT name
 FROM sqlite_master
 WHERE type = 'table' AND NOT name = 'sqlite_sequence'
[0m
  [4;35;1mSQL (0.7ms)[0m   [0mSELECT version FROM schema_migrations[0m
Completed in 174ms (View: 24, DB: 3) | 200 OK [http://localhost/rails/info/properties]


Processing ApplicationController#index (for 127.0.0.1 at 2009-04-20 20:02:35) [GET]

ActionController::RoutingError (No route matches "/church" with {:method=>:get}):
  

Rendering rescues/layout (not_found)


Processing ChurchesController#index (for 127.0.0.1 at 2009-04-20 20:02:38) [GET]
  [4;36;1mChurch Load (19.6ms)[0m   [0;1mSELECT * FROM "churches" [0m
Rendering template within layouts/churches
Rendering churches/index
  [4;35;1mSQL (0.5ms)[0m   [0mSELECT count(*) AS count_all FROM "services" WHERE ("services".church_id = 2) [0m
Completed in 226ms (View: 188, DB: 20) | 200 OK [http://localhost/churches]


Processing ServicesController#index (for 127.0.0.1 at 2009-04-20 20:02:42) [GET]
  [4;36;1mService Load (0.9ms)[0m   [0;1mSELECT * FROM "services" [0m
Rendering template within layouts/services
Rendering services/index
Completed in 90ms (View: 68, DB: 1) | 200 OK [http://localhost/services]


Processing ServicesController#show (for 127.0.0.1 at 2009-04-20 20:02:58) [GET]
  Parameters: {"id"=>"1"}
  [4;35;1mService Load (0.5ms)[0m   [0mSELECT * FROM "services" WHERE ("services"."id" = 1) [0m
Rendering template within layouts/services
Rendering services/show
Completed in 21ms (View: 10, DB: 1) | 200 OK [http://localhost/services/1]
** acts_as_taggable_on: initialized properly.
** acts_as_taggable_on: initialized properly.
  [4;36;1mSQL (1.2ms)[0m   [0;1m SELECT name
 FROM sqlite_master
 WHERE type = 'table' AND NOT name = 'sqlite_sequence'
[0m
  [4;35;1mSQL (0.4ms)[0m   [0mSELECT version FROM schema_migrations[0m
Migrating to CreateChurches (20090226061145)
Migrating to CreateServices (20090228074926)
Migrating to AddAttributesToService (20090421013704)
  [4;36;1mSQL (0.2ms)[0m   [0;1mselect sqlite_version(*)[0m
  [4;35;1mSQL (0.0ms)[0m   [0mSQLite3::SQLException: no such table: service: ALTER TABLE "service" ADD "description" text[0m
** acts_as_taggable_on: initialized properly.
  [4;36;1mSQL (1.2ms)[0m   [0;1m SELECT name
 FROM sqlite_master
 WHERE type = 'table' AND NOT name = 'sqlite_sequence'
[0m
  [4;35;1mSQL (0.4ms)[0m   [0mSELECT version FROM schema_migrations[0m
Migrating to CreateChurches (20090226061145)
Migrating to CreateServices (20090228074926)
Migrating to AddAttributesToService (20090421013704)
  [4;36;1mSQL (0.2ms)[0m   [0;1mselect sqlite_version(*)[0m
  [4;35;1mSQL (0.9ms)[0m   [0mALTER TABLE "services" ADD "description" text[0m
  [4;36;1mSQL (0.3ms)[0m   [0;1mALTER TABLE "services" ADD "season" text[0m
  [4;35;1mSQL (0.3ms)[0m   [0mALTER TABLE "services" ADD "other" text[0m
  [4;36;1mSQL (0.2ms)[0m   [0;1mINSERT INTO schema_migrations (version) VALUES ('20090421013704')[0m
  [4;35;1mSQL (0.6ms)[0m   [0m SELECT name
 FROM sqlite_master
 WHERE type = 'table' AND NOT name = 'sqlite_sequence'
[0m
  [4;36;1mSQL (0.4ms)[0m   [0;1mSELECT version FROM schema_migrations[0m
  [4;35;1mSQL (0.5ms)[0m   [0m SELECT name
 FROM sqlite_master
 WHERE type = 'table' AND NOT name = 'sqlite_sequence'
[0m
  [4;36;1mSQL (0.1ms)[0m   [0;1mPRAGMA index_list("churches")[0m
  [4;35;1mSQL (0.1ms)[0m   [0mPRAGMA index_list("services")[0m


Processing ServicesController#index (for 127.0.0.1 at 2009-04-20 20:49:10) [GET]
  [4;36;1mService Load (1.0ms)[0m   [0;1mSELECT * FROM "services" [0m
Rendering template within layouts/services
Rendering services/index
Completed in 26ms (View: 11, DB: 1) | 200 OK [http://localhost/services]
** acts_as_taggable_on: initialized properly.
** acts_as_taggable_on: initialized properly.
  [4;36;1mSQL (1.2ms)[0m   [0;1m SELECT name
 FROM sqlite_master
 WHERE type = 'table' AND NOT name = 'sqlite_sequence'
[0m
  [4;35;1mSQL (0.5ms)[0m   [0mSELECT version FROM schema_migrations[0m
Migrating to CreateChurches (20090226061145)
Migrating to CreateServices (20090228074926)
Migrating to AddAttributesToService (20090421013704)
  [4;36;1mSQL (0.3ms)[0m   [0;1mselect sqlite_version(*)[0m
  [4;35;1mSQL (0.5ms)[0m   [0m SELECT name
 FROM sqlite_master
 WHERE type = 'table' AND NOT name = 'sqlite_sequence'
[0m
  [4;36;1mSQL (0.4ms)[0m   [0;1mSELECT version FROM schema_migrations[0m
  [4;35;1mSQL (0.5ms)[0m   [0m SELECT name
 FROM sqlite_master
 WHERE type = 'table' AND NOT name = 'sqlite_sequence'
[0m
  [4;36;1mSQL (0.1ms)[0m   [0;1mPRAGMA index_list("churches")[0m
  [4;35;1mSQL (0.1ms)[0m   [0mPRAGMA index_list("services")[0m
** acts_as_taggable_on: initialized properly.
  [4;36;1mSQL (0.5ms)[0m   [0;1mselect sqlite_version(*)[0m
  [4;35;1mSQL (0.8ms)[0m   [0m SELECT name
 FROM sqlite_master
 WHERE type = 'table' AND NOT name = 'sqlite_sequence'
[0m
  [4;36;1mSQL (11.5ms)[0m   [0;1mCREATE TABLE "churches" ("id" INTEGER PRIMARY KEY AUTOINCREMENT NOT NULL, "name" varchar(255), "street" varchar(255), "city" varchar(255), "state" varchar(255), "zip" varchar(255), "created_at" datetime, "updated_at" datetime) [0m
  [4;35;1mSQL (0.4ms)[0m   [0m SELECT name
 FROM sqlite_master
 WHERE type = 'table' AND NOT name = 'sqlite_sequence'
[0m
  [4;36;1mSQL (5.4ms)[0m   [0;1mCREATE TABLE "services" ("id" INTEGER PRIMARY KEY AUTOINCREMENT NOT NULL, "name" varchar(255), "church_id" integer, "created_at" datetime, "updated_at" datetime, "description" text, "season" text, "other" text) [0m
  [4;35;1mSQL (0.4ms)[0m   [0m SELECT name
 FROM sqlite_master
 WHERE type = 'table' AND NOT name = 'sqlite_sequence'
[0m
  [4;36;1mSQL (4.6ms)[0m   [0;1mCREATE TABLE "schema_migrations" ("version" varchar(255) NOT NULL) [0m
  [4;35;1mSQL (5.1ms)[0m   [0mCREATE UNIQUE INDEX "unique_schema_migrations" ON "schema_migrations" ("version")[0m
  [4;36;1mSQL (0.5ms)[0m   [0;1m SELECT name
 FROM sqlite_master
 WHERE type = 'table' AND NOT name = 'sqlite_sequence'
[0m
  [4;35;1mSQL (0.2ms)[0m   [0mSELECT version FROM "schema_migrations"[0m
  [4;36;1mSQL (10.3ms)[0m   [0;1mINSERT INTO "schema_migrations" (version) VALUES ('20090421013704')[0m
  [4;35;1mSQL (4.5ms)[0m   [0mINSERT INTO "schema_migrations" (version) VALUES ('20090228074926')[0m
  [4;36;1mSQL (12.2ms)[0m   [0;1mINSERT INTO "schema_migrations" (version) VALUES ('20090226061145')[0m
** acts_as_taggable_on: initialized properly.
** acts_as_taggable_on: initialized properly.
  [4;36;1mSQL (1.2ms)[0m   [0;1m SELECT name
 FROM sqlite_master
 WHERE type = 'table' AND NOT name = 'sqlite_sequence'
[0m
  [4;35;1mSQL (0.5ms)[0m   [0mSELECT version FROM schema_migrations[0m
Migrating to CreateChurches (20090226061145)
Migrating to CreateServices (20090228074926)
Migrating to AddAttributesToService (20090421013704)
Migrating to CreateServiceTimes (20090421031301)
  [4;36;1mSQL (0.2ms)[0m   [0;1mselect sqlite_version(*)[0m
  [4;35;1mSQL (0.9ms)[0m   [0mCREATE TABLE "service_times" ("id" INTEGER PRIMARY KEY AUTOINCREMENT NOT NULL, "service_date" date, "service_time" time, "service_id" integer, "created_at" datetime, "updated_at" datetime) [0m
  [4;36;1mSQL (0.2ms)[0m   [0;1mINSERT INTO schema_migrations (version) VALUES ('20090421031301')[0m
  [4;35;1mSQL (0.7ms)[0m   [0m SELECT name
 FROM sqlite_master
 WHERE type = 'table' AND NOT name = 'sqlite_sequence'
[0m
  [4;36;1mSQL (0.5ms)[0m   [0;1mSELECT version FROM schema_migrations[0m
  [4;35;1mSQL (0.5ms)[0m   [0m SELECT name
 FROM sqlite_master
 WHERE type = 'table' AND NOT name = 'sqlite_sequence'
[0m
  [4;36;1mSQL (0.1ms)[0m   [0;1mPRAGMA index_list("churches")[0m
  [4;35;1mSQL (0.1ms)[0m   [0mPRAGMA index_list("service_times")[0m
  [4;36;1mSQL (0.1ms)[0m   [0;1mPRAGMA index_list("services")[0m
** acts_as_taggable_on: initialized properly.
  [4;36;1mSQL (0.5ms)[0m   [0;1mselect sqlite_version(*)[0m
  [4;35;1mSQL (0.4ms)[0m   [0m SELECT name
 FROM sqlite_master
 WHERE type = 'table' AND NOT name = 'sqlite_sequence'
[0m
  [4;36;1mSQL (103.3ms)[0m   [0;1mCREATE TABLE "churches" ("id" INTEGER PRIMARY KEY AUTOINCREMENT NOT NULL, "name" varchar(255), "street" varchar(255), "city" varchar(255), "state" varchar(255), "zip" varchar(255), "created_at" datetime, "updated_at" datetime) [0m
  [4;35;1mSQL (0.4ms)[0m   [0m SELECT name
 FROM sqlite_master
 WHERE type = 'table' AND NOT name = 'sqlite_sequence'
[0m
  [4;36;1mSQL (3.9ms)[0m   [0;1mCREATE TABLE "service_times" ("id" INTEGER PRIMARY KEY AUTOINCREMENT NOT NULL, "service_date" date, "service_time" time, "service_id" integer, "created_at" datetime, "updated_at" datetime) [0m
  [4;35;1mSQL (0.4ms)[0m   [0m SELECT name
 FROM sqlite_master
 WHERE type = 'table' AND NOT name = 'sqlite_sequence'
[0m
  [4;36;1mSQL (4.3ms)[0m   [0;1mCREATE TABLE "services" ("id" INTEGER PRIMARY KEY AUTOINCREMENT NOT NULL, "name" varchar(255), "church_id" integer, "created_at" datetime, "updated_at" datetime, "description" text, "season" text, "other" text) [0m
  [4;35;1mSQL (0.5ms)[0m   [0m SELECT name
 FROM sqlite_master
 WHERE type = 'table' AND NOT name = 'sqlite_sequence'
[0m
  [4;36;1mSQL (4.9ms)[0m   [0;1mCREATE TABLE "schema_migrations" ("version" varchar(255) NOT NULL) [0m
  [4;35;1mSQL (5.7ms)[0m   [0mCREATE UNIQUE INDEX "unique_schema_migrations" ON "schema_migrations" ("version")[0m
  [4;36;1mSQL (0.6ms)[0m   [0;1m SELECT name
 FROM sqlite_master
 WHERE type = 'table' AND NOT name = 'sqlite_sequence'
[0m
  [4;35;1mSQL (0.2ms)[0m   [0mSELECT version FROM "schema_migrations"[0m
  [4;36;1mSQL (8.0ms)[0m   [0;1mINSERT INTO "schema_migrations" (version) VALUES ('20090421031301')[0m
  [4;35;1mSQL (4.4ms)[0m   [0mINSERT INTO "schema_migrations" (version) VALUES ('20090421013704')[0m
  [4;36;1mSQL (11.1ms)[0m   [0;1mINSERT INTO "schema_migrations" (version) VALUES ('20090228074926')[0m
  [4;35;1mSQL (25.3ms)[0m   [0mINSERT INTO "schema_migrations" (version) VALUES ('20090226061145')[0m
** acts_as_taggable_on: initialized properly.
  [4;36;1mSQL (1.4ms)[0m   [0;1m SELECT name
 FROM sqlite_master
 WHERE type = 'table' AND NOT name = 'sqlite_sequence'
[0m
  [4;35;1mSQL (0.5ms)[0m   [0mSELECT version FROM schema_migrations[0m
  [4;36;1mSQL (0.4ms)[0m   [0;1mselect sqlite_version(*)[0m
  [4;35;1mSQL (0.3ms)[0m   [0m SELECT name
 FROM sqlite_master
 WHERE type = 'table' AND NOT name = 'sqlite_sequence'
[0m
  [4;36;1mSQL (8.7ms)[0m   [0;1mCREATE TABLE "churches" ("id" INTEGER PRIMARY KEY AUTOINCREMENT NOT NULL, "name" varchar(255), "street" varchar(255), "city" varchar(255), "state" varchar(255), "zip" varchar(255), "created_at" datetime, "updated_at" datetime) [0m
  [4;35;1mSQL (0.4ms)[0m   [0m SELECT name
 FROM sqlite_master
 WHERE type = 'table' AND NOT name = 'sqlite_sequence'
[0m
  [4;36;1mSQL (4.0ms)[0m   [0;1mCREATE TABLE "service_times" ("id" INTEGER PRIMARY KEY AUTOINCREMENT NOT NULL, "service_date" date, "service_time" time, "service_id" integer, "created_at" datetime, "updated_at" datetime) [0m
  [4;35;1mSQL (0.4ms)[0m   [0m SELECT name
 FROM sqlite_master
 WHERE type = 'table' AND NOT name = 'sqlite_sequence'
[0m
  [4;36;1mSQL (4.8ms)[0m   [0;1mCREATE TABLE "services" ("id" INTEGER PRIMARY KEY AUTOINCREMENT NOT NULL, "name" varchar(255), "church_id" integer, "created_at" datetime, "updated_at" datetime, "description" text, "season" text, "other" text) [0m
  [4;35;1mSQL (0.5ms)[0m   [0m SELECT name
 FROM sqlite_master
 WHERE type = 'table' AND NOT name = 'sqlite_sequence'
[0m
  [4;36;1mSQL (4.3ms)[0m   [0;1mCREATE TABLE "schema_migrations" ("version" varchar(255) NOT NULL) [0m
  [4;35;1mSQL (7.3ms)[0m   [0mCREATE UNIQUE INDEX "unique_schema_migrations" ON "schema_migrations" ("version")[0m
  [4;36;1mSQL (0.7ms)[0m   [0;1m SELECT name
 FROM sqlite_master
 WHERE type = 'table' AND NOT name = 'sqlite_sequence'
[0m
  [4;35;1mSQL (0.2ms)[0m   [0mSELECT version FROM "schema_migrations"[0m
  [4;36;1mSQL (3.4ms)[0m   [0;1mINSERT INTO "schema_migrations" (version) VALUES ('20090421031301')[0m
  [4;35;1mSQL (17.6ms)[0m   [0mINSERT INTO "schema_migrations" (version) VALUES ('20090421013704')[0m
  [4;36;1mSQL (11.6ms)[0m   [0;1mINSERT INTO "schema_migrations" (version) VALUES ('20090228074926')[0m
  [4;35;1mSQL (15.6ms)[0m   [0mINSERT INTO "schema_migrations" (version) VALUES ('20090226061145')[0m
** acts_as_taggable_on: initialized properly.
  [4;36;1mSQL (1.4ms)[0m   [0;1m SELECT name
 FROM sqlite_master
 WHERE type = 'table' AND NOT name = 'sqlite_sequence'
[0m
  [4;35;1mSQL (0.5ms)[0m   [0mSELECT version FROM schema_migrations[0m
  [4;36;1mSQL (0.4ms)[0m   [0;1mselect sqlite_version(*)[0m
  [4;35;1mSQL (0.3ms)[0m   [0m SELECT name
 FROM sqlite_master
 WHERE type = 'table' AND NOT name = 'sqlite_sequence'
[0m
  [4;36;1mSQL (103.8ms)[0m   [0;1mCREATE TABLE "churches" ("id" INTEGER PRIMARY KEY AUTOINCREMENT NOT NULL, "name" varchar(255), "street" varchar(255), "city" varchar(255), "state" varchar(255), "zip" varchar(255), "created_at" datetime, "updated_at" datetime) [0m
  [4;35;1mSQL (0.4ms)[0m   [0m SELECT name
 FROM sqlite_master
 WHERE type = 'table' AND NOT name = 'sqlite_sequence'
[0m
  [4;36;1mSQL (9.4ms)[0m   [0;1mCREATE TABLE "service_times" ("id" INTEGER PRIMARY KEY AUTOINCREMENT NOT NULL, "service_date" date, "service_time" time, "service_id" integer, "created_at" datetime, "updated_at" datetime) [0m
  [4;35;1mSQL (0.6ms)[0m   [0m SELECT name
 FROM sqlite_master
 WHERE type = 'table' AND NOT name = 'sqlite_sequence'
[0m
  [4;36;1mSQL (5.1ms)[0m   [0;1mCREATE TABLE "services" ("id" INTEGER PRIMARY KEY AUTOINCREMENT NOT NULL, "name" varchar(255), "church_id" integer, "created_at" datetime, "updated_at" datetime, "description" text, "season" text, "other" text) [0m
  [4;35;1mSQL (0.5ms)[0m   [0m SELECT name
 FROM sqlite_master
 WHERE type = 'table' AND NOT name = 'sqlite_sequence'
[0m
  [4;36;1mSQL (5.2ms)[0m   [0;1mCREATE TABLE "schema_migrations" ("version" varchar(255) NOT NULL) [0m
  [4;35;1mSQL (5.0ms)[0m   [0mCREATE UNIQUE INDEX "unique_schema_migrations" ON "schema_migrations" ("version")[0m
  [4;36;1mSQL (0.6ms)[0m   [0;1m SELECT name
 FROM sqlite_master
 WHERE type = 'table' AND NOT name = 'sqlite_sequence'
[0m
  [4;35;1mSQL (0.2ms)[0m   [0mSELECT version FROM "schema_migrations"[0m
  [4;36;1mSQL (6.6ms)[0m   [0;1mINSERT INTO "schema_migrations" (version) VALUES ('20090421031301')[0m
  [4;35;1mSQL (9.0ms)[0m   [0mINSERT INTO "schema_migrations" (version) VALUES ('20090421013704')[0m
  [4;36;1mSQL (6.7ms)[0m   [0;1mINSERT INTO "schema_migrations" (version) VALUES ('20090228074926')[0m
  [4;35;1mSQL (6.0ms)[0m   [0mINSERT INTO "schema_migrations" (version) VALUES ('20090226061145')[0m
** acts_as_taggable_on: initialized properly.
  [4;36;1mSQL (0.6ms)[0m   [0;1mselect sqlite_version(*)[0m
  [4;35;1mSQL (0.4ms)[0m   [0m SELECT name
 FROM sqlite_master
 WHERE type = 'table' AND NOT name = 'sqlite_sequence'
[0m
  [4;36;1mSQL (105.8ms)[0m   [0;1mCREATE TABLE "churches" ("id" INTEGER PRIMARY KEY AUTOINCREMENT NOT NULL, "name" varchar(255), "street" varchar(255), "city" varchar(255), "state" varchar(255), "zip" varchar(255), "created_at" datetime, "updated_at" datetime) [0m
  [4;35;1mSQL (0.4ms)[0m   [0m SELECT name
 FROM sqlite_master
 WHERE type = 'table' AND NOT name = 'sqlite_sequence'
[0m
  [4;36;1mSQL (4.2ms)[0m   [0;1mCREATE TABLE "service_times" ("id" INTEGER PRIMARY KEY AUTOINCREMENT NOT NULL, "service_date" date, "service_time" time, "service_id" integer, "created_at" datetime, "updated_at" datetime) [0m
  [4;35;1mSQL (0.4ms)[0m   [0m SELECT name
 FROM sqlite_master
 WHERE type = 'table' AND NOT name = 'sqlite_sequence'
[0m
  [4;36;1mSQL (5.6ms)[0m   [0;1mCREATE TABLE "services" ("id" INTEGER PRIMARY KEY AUTOINCREMENT NOT NULL, "name" varchar(255), "church_id" integer, "created_at" datetime, "updated_at" datetime, "description" text, "season" text, "other" text) [0m
  [4;35;1mSQL (0.5ms)[0m   [0m SELECT name
 FROM sqlite_master
 WHERE type = 'table' AND NOT name = 'sqlite_sequence'
[0m
  [4;36;1mSQL (5.5ms)[0m   [0;1mCREATE TABLE "schema_migrations" ("version" varchar(255) NOT NULL) [0m
  [4;35;1mSQL (12.4ms)[0m   [0mCREATE UNIQUE INDEX "unique_schema_migrations" ON "schema_migrations" ("version")[0m
  [4;36;1mSQL (0.7ms)[0m   [0;1m SELECT name
 FROM sqlite_master
 WHERE type = 'table' AND NOT name = 'sqlite_sequence'
[0m
  [4;35;1mSQL (0.2ms)[0m   [0mSELECT version FROM "schema_migrations"[0m
  [4;36;1mSQL (4.7ms)[0m   [0;1mINSERT INTO "schema_migrations" (version) VALUES ('20090421031301')[0m
  [4;35;1mSQL (26.2ms)[0m   [0mINSERT INTO "schema_migrations" (version) VALUES ('20090421013704')[0m
  [4;36;1mSQL (35.0ms)[0m   [0;1mINSERT INTO "schema_migrations" (version) VALUES ('20090228074926')[0m
  [4;35;1mSQL (30.3ms)[0m   [0mINSERT INTO "schema_migrations" (version) VALUES ('20090226061145')[0m
** acts_as_taggable_on: initialized properly.
  [4;36;1mSQL (1.4ms)[0m   [0;1m SELECT name
 FROM sqlite_master
 WHERE type = 'table' AND NOT name = 'sqlite_sequence'
[0m
  [4;35;1mSQL (0.5ms)[0m   [0mSELECT version FROM schema_migrations[0m
  [4;36;1mSQL (0.4ms)[0m   [0;1mselect sqlite_version(*)[0m
  [4;35;1mSQL (0.3ms)[0m   [0m SELECT name
 FROM sqlite_master
 WHERE type = 'table' AND NOT name = 'sqlite_sequence'
[0m
  [4;36;1mSQL (102.7ms)[0m   [0;1mCREATE TABLE "churches" ("id" INTEGER PRIMARY KEY AUTOINCREMENT NOT NULL, "name" varchar(255), "street" varchar(255), "city" varchar(255), "state" varchar(255), "zip" varchar(255), "created_at" datetime, "updated_at" datetime) [0m
  [4;35;1mSQL (0.5ms)[0m   [0m SELECT name
 FROM sqlite_master
 WHERE type = 'table' AND NOT name = 'sqlite_sequence'
[0m
  [4;36;1mSQL (9.7ms)[0m   [0;1mCREATE TABLE "service_times" ("id" INTEGER PRIMARY KEY AUTOINCREMENT NOT NULL, "service_date" date, "service_time" time, "service_id" integer, "created_at" datetime, "updated_at" datetime) [0m
  [4;35;1mSQL (0.5ms)[0m   [0m SELECT name
 FROM sqlite_master
 WHERE type = 'table' AND NOT name = 'sqlite_sequence'
[0m
  [4;36;1mSQL (6.9ms)[0m   [0;1mCREATE TABLE "services" ("id" INTEGER PRIMARY KEY AUTOINCREMENT NOT NULL, "name" varchar(255), "church_id" integer, "created_at" datetime, "updated_at" datetime, "description" text, "season" text, "other" text) [0m
  [4;35;1mSQL (0.6ms)[0m   [0m SELECT name
 FROM sqlite_master
 WHERE type = 'table' AND NOT name = 'sqlite_sequence'
[0m
  [4;36;1mSQL (4.4ms)[0m   [0;1mCREATE TABLE "schema_migrations" ("version" varchar(255) NOT NULL) [0m
  [4;35;1mSQL (5.2ms)[0m   [0mCREATE UNIQUE INDEX "unique_schema_migrations" ON "schema_migrations" ("version")[0m
  [4;36;1mSQL (0.6ms)[0m   [0;1m SELECT name
 FROM sqlite_master
 WHERE type = 'table' AND NOT name = 'sqlite_sequence'
[0m
  [4;35;1mSQL (0.2ms)[0m   [0mSELECT version FROM "schema_migrations"[0m
  [4;36;1mSQL (12.7ms)[0m   [0;1mINSERT INTO "schema_migrations" (version) VALUES ('20090421031301')[0m
  [4;35;1mSQL (4.1ms)[0m   [0mINSERT INTO "schema_migrations" (version) VALUES ('20090421013704')[0m
  [4;36;1mSQL (7.8ms)[0m   [0;1mINSERT INTO "schema_migrations" (version) VALUES ('20090228074926')[0m
  [4;35;1mSQL (10.3ms)[0m   [0mINSERT INTO "schema_migrations" (version) VALUES ('20090226061145')[0m
** acts_as_taggable_on: initialized properly.
  [4;36;1mSQL (1.3ms)[0m   [0;1m SELECT name
 FROM sqlite_master
 WHERE type = 'table' AND NOT name = 'sqlite_sequence'
[0m
  [4;35;1mSQL (1.0ms)[0m   [0mSELECT version FROM schema_migrations[0m
  [4;36;1mSQL (0.4ms)[0m   [0;1mselect sqlite_version(*)[0m
  [4;35;1mSQL (0.3ms)[0m   [0m SELECT name
 FROM sqlite_master
 WHERE type = 'table' AND NOT name = 'sqlite_sequence'
[0m
  [4;36;1mSQL (103.7ms)[0m   [0;1mCREATE TABLE "churches" ("id" INTEGER PRIMARY KEY AUTOINCREMENT NOT NULL, "name" varchar(255), "street" varchar(255), "city" varchar(255), "state" varchar(255), "zip" varchar(255), "created_at" datetime, "updated_at" datetime) [0m
  [4;35;1mSQL (0.4ms)[0m   [0m SELECT name
 FROM sqlite_master
 WHERE type = 'table' AND NOT name = 'sqlite_sequence'
[0m
  [4;36;1mSQL (4.1ms)[0m   [0;1mCREATE TABLE "service_times" ("id" INTEGER PRIMARY KEY AUTOINCREMENT NOT NULL, "service_date" date, "service_time" time, "service_id" integer, "created_at" datetime, "updated_at" datetime) [0m
  [4;35;1mSQL (0.8ms)[0m   [0m SELECT name
 FROM sqlite_master
 WHERE type = 'table' AND NOT name = 'sqlite_sequence'
[0m
  [4;36;1mSQL (5.2ms)[0m   [0;1mCREATE TABLE "services" ("id" INTEGER PRIMARY KEY AUTOINCREMENT NOT NULL, "name" varchar(255), "church_id" integer, "created_at" datetime, "updated_at" datetime, "description" text, "season" text, "other" text) [0m
  [4;35;1mSQL (0.5ms)[0m   [0m SELECT name
 FROM sqlite_master
 WHERE type = 'table' AND NOT name = 'sqlite_sequence'
[0m
  [4;36;1mSQL (9.5ms)[0m   [0;1mCREATE TABLE "schema_migrations" ("version" varchar(255) NOT NULL) [0m
  [4;35;1mSQL (5.7ms)[0m   [0mCREATE UNIQUE INDEX "unique_schema_migrations" ON "schema_migrations" ("version")[0m
  [4;36;1mSQL (0.7ms)[0m   [0;1m SELECT name
 FROM sqlite_master
 WHERE type = 'table' AND NOT name = 'sqlite_sequence'
[0m
  [4;35;1mSQL (0.2ms)[0m   [0mSELECT version FROM "schema_migrations"[0m
  [4;36;1mSQL (7.4ms)[0m   [0;1mINSERT INTO "schema_migrations" (version) VALUES ('20090421031301')[0m
  [4;35;1mSQL (3.9ms)[0m   [0mINSERT INTO "schema_migrations" (version) VALUES ('20090421013704')[0m
  [4;36;1mSQL (18.0ms)[0m   [0;1mINSERT INTO "schema_migrations" (version) VALUES ('20090228074926')[0m
  [4;35;1mSQL (19.1ms)[0m   [0mINSERT INTO "schema_migrations" (version) VALUES ('20090226061145')[0m
** acts_as_taggable_on: initialized properly.
** acts_as_taggable_on: initialized properly.
  [4;36;1mSQL (1.4ms)[0m   [0;1m SELECT name
 FROM sqlite_master
 WHERE type = 'table' AND NOT name = 'sqlite_sequence'
[0m
  [4;35;1mSQL (0.5ms)[0m   [0mSELECT version FROM schema_migrations[0m
Migrating to CreateChurches (20090226061145)
Migrating to CreateServices (20090228074926)
Migrating to AddAttributesToService (20090421013704)
Migrating to CreateServiceTimes (20090421031301)
Migrating to CreateAttachments (20090422024757)
  [4;36;1mSQL (0.6ms)[0m   [0;1mselect sqlite_version(*)[0m
  [4;35;1mSQL (0.9ms)[0m   [0mCREATE TABLE "attachments" ("id" INTEGER PRIMARY KEY AUTOINCREMENT NOT NULL, "name" varchar(255), "user_id" integer, "description" text, "created_at" datetime, "updated_at" datetime) [0m
  [4;36;1mSQL (0.2ms)[0m   [0;1mINSERT INTO schema_migrations (version) VALUES ('20090422024757')[0m
  [4;35;1mSQL (0.8ms)[0m   [0m SELECT name
 FROM sqlite_master
 WHERE type = 'table' AND NOT name = 'sqlite_sequence'
[0m
  [4;36;1mSQL (0.6ms)[0m   [0;1mSELECT version FROM schema_migrations[0m
  [4;35;1mSQL (0.7ms)[0m   [0m SELECT name
 FROM sqlite_master
 WHERE type = 'table' AND NOT name = 'sqlite_sequence'
[0m
  [4;36;1mSQL (0.1ms)[0m   [0;1mPRAGMA index_list("attachments")[0m
  [4;35;1mSQL (0.1ms)[0m   [0mPRAGMA index_list("churches")[0m
  [4;36;1mSQL (0.1ms)[0m   [0;1mPRAGMA index_list("service_times")[0m
  [4;35;1mSQL (0.1ms)[0m   [0mPRAGMA index_list("services")[0m
** acts_as_taggable_on: initialized properly.
  [4;36;1mSQL (0.5ms)[0m   [0;1mselect sqlite_version(*)[0m
  [4;35;1mSQL (1.0ms)[0m   [0m SELECT name
 FROM sqlite_master
 WHERE type = 'table' AND NOT name = 'sqlite_sequence'
[0m
  [4;36;1mSQL (104.9ms)[0m   [0;1mCREATE TABLE "attachments" ("id" INTEGER PRIMARY KEY AUTOINCREMENT NOT NULL, "name" varchar(255), "user_id" integer, "description" text, "created_at" datetime, "updated_at" datetime) [0m
  [4;35;1mSQL (0.4ms)[0m   [0m SELECT name
 FROM sqlite_master
 WHERE type = 'table' AND NOT name = 'sqlite_sequence'
[0m
  [4;36;1mSQL (4.1ms)[0m   [0;1mCREATE TABLE "churches" ("id" INTEGER PRIMARY KEY AUTOINCREMENT NOT NULL, "name" varchar(255), "street" varchar(255), "city" varchar(255), "state" varchar(255), "zip" varchar(255), "created_at" datetime, "updated_at" datetime) [0m
  [4;35;1mSQL (0.4ms)[0m   [0m SELECT name
 FROM sqlite_master
 WHERE type = 'table' AND NOT name = 'sqlite_sequence'
[0m
  [4;36;1mSQL (4.6ms)[0m   [0;1mCREATE TABLE "service_times" ("id" INTEGER PRIMARY KEY AUTOINCREMENT NOT NULL, "service_date" date, "service_time" time, "service_id" integer, "created_at" datetime, "updated_at" datetime) [0m
  [4;35;1mSQL (0.5ms)[0m   [0m SELECT name
 FROM sqlite_master
 WHERE type = 'table' AND NOT name = 'sqlite_sequence'
[0m
  [4;36;1mSQL (4.8ms)[0m   [0;1mCREATE TABLE "services" ("id" INTEGER PRIMARY KEY AUTOINCREMENT NOT NULL, "name" varchar(255), "church_id" integer, "created_at" datetime, "updated_at" datetime, "description" text, "season" text, "other" text) [0m
  [4;35;1mSQL (0.8ms)[0m   [0m SELECT name
 FROM sqlite_master
 WHERE type = 'table' AND NOT name = 'sqlite_sequence'
[0m
  [4;36;1mSQL (4.5ms)[0m   [0;1mCREATE TABLE "schema_migrations" ("version" varchar(255) NOT NULL) [0m
  [4;35;1mSQL (4.7ms)[0m   [0mCREATE UNIQUE INDEX "unique_schema_migrations" ON "schema_migrations" ("version")[0m
  [4;36;1mSQL (0.7ms)[0m   [0;1m SELECT name
 FROM sqlite_master
 WHERE type = 'table' AND NOT name = 'sqlite_sequence'
[0m
  [4;35;1mSQL (0.1ms)[0m   [0mSELECT version FROM "schema_migrations"[0m
  [4;36;1mSQL (8.6ms)[0m   [0;1mINSERT INTO "schema_migrations" (version) VALUES ('20090422024757')[0m
  [4;35;1mSQL (11.7ms)[0m   [0mINSERT INTO "schema_migrations" (version) VALUES ('20090421013704')[0m
  [4;36;1mSQL (5.5ms)[0m   [0;1mINSERT INTO "schema_migrations" (version) VALUES ('20090228074926')[0m
  [4;35;1mSQL (22.6ms)[0m   [0mINSERT INTO "schema_migrations" (version) VALUES ('20090421031301')[0m
  [4;36;1mSQL (3.8ms)[0m   [0;1mINSERT INTO "schema_migrations" (version) VALUES ('20090226061145')[0m
** acts_as_taggable_on: initialized properly.
** acts_as_taggable_on: initialized properly.
  [4;36;1mSQL (1.5ms)[0m   [0;1m SELECT name
 FROM sqlite_master
 WHERE type = 'table' AND NOT name = 'sqlite_sequence'
[0m
  [4;35;1mSQL (0.6ms)[0m   [0mSELECT version FROM schema_migrations[0m
Migrating to CreateChurches (20090226061145)
Migrating to CreateServices (20090228074926)
Migrating to AddAttributesToService (20090421013704)
Migrating to CreateServiceTimes (20090421031301)
Migrating to CreateAttachments (20090422024757)
Migrating to AddServiceToAttachment (20090422025615)
  [4;36;1mSQL (0.2ms)[0m   [0;1mselect sqlite_version(*)[0m
  [4;35;1mSQL (0.9ms)[0m   [0mALTER TABLE "attachments" ADD "service_id" integer[0m
  [4;36;1mSQL (0.2ms)[0m   [0;1mINSERT INTO schema_migrations (version) VALUES ('20090422025615')[0m
  [4;35;1mSQL (0.8ms)[0m   [0m SELECT name
 FROM sqlite_master
 WHERE type = 'table' AND NOT name = 'sqlite_sequence'
[0m
  [4;36;1mSQL (1.0ms)[0m   [0;1mSELECT version FROM schema_migrations[0m
  [4;35;1mSQL (0.6ms)[0m   [0m SELECT name
 FROM sqlite_master
 WHERE type = 'table' AND NOT name = 'sqlite_sequence'
[0m
  [4;36;1mSQL (0.1ms)[0m   [0;1mPRAGMA index_list("attachments")[0m
  [4;35;1mSQL (0.1ms)[0m   [0mPRAGMA index_list("churches")[0m
  [4;36;1mSQL (0.4ms)[0m   [0;1mPRAGMA index_list("service_times")[0m
  [4;35;1mSQL (0.1ms)[0m   [0mPRAGMA index_list("services")[0m
** acts_as_taggable_on: initialized properly.
  [4;36;1mSQL (0.5ms)[0m   [0;1mselect sqlite_version(*)[0m
  [4;35;1mSQL (0.4ms)[0m   [0m SELECT name
 FROM sqlite_master
 WHERE type = 'table' AND NOT name = 'sqlite_sequence'
[0m
  [4;36;1mSQL (102.3ms)[0m   [0;1mCREATE TABLE "attachments" ("id" INTEGER PRIMARY KEY AUTOINCREMENT NOT NULL, "name" varchar(255), "user_id" integer, "description" text, "created_at" datetime, "updated_at" datetime, "service_id" integer) [0m
  [4;35;1mSQL (0.4ms)[0m   [0m SELECT name
 FROM sqlite_master
 WHERE type = 'table' AND NOT name = 'sqlite_sequence'
[0m
  [4;36;1mSQL (4.3ms)[0m   [0;1mCREATE TABLE "churches" ("id" INTEGER PRIMARY KEY AUTOINCREMENT NOT NULL, "name" varchar(255), "street" varchar(255), "city" varchar(255), "state" varchar(255), "zip" varchar(255), "created_at" datetime, "updated_at" datetime) [0m
  [4;35;1mSQL (0.4ms)[0m   [0m SELECT name
 FROM sqlite_master
 WHERE type = 'table' AND NOT name = 'sqlite_sequence'
[0m
  [4;36;1mSQL (4.0ms)[0m   [0;1mCREATE TABLE "service_times" ("id" INTEGER PRIMARY KEY AUTOINCREMENT NOT NULL, "service_date" date, "service_time" time, "service_id" integer, "created_at" datetime, "updated_at" datetime) [0m
  [4;35;1mSQL (0.5ms)[0m   [0m SELECT name
 FROM sqlite_master
 WHERE type = 'table' AND NOT name = 'sqlite_sequence'
[0m
  [4;36;1mSQL (4.6ms)[0m   [0;1mCREATE TABLE "services" ("id" INTEGER PRIMARY KEY AUTOINCREMENT NOT NULL, "name" varchar(255), "church_id" integer, "created_at" datetime, "updated_at" datetime, "description" text, "season" text, "other" text) [0m
  [4;35;1mSQL (0.6ms)[0m   [0m SELECT name
 FROM sqlite_master
 WHERE type = 'table' AND NOT name = 'sqlite_sequence'
[0m
  [4;36;1mSQL (4.4ms)[0m   [0;1mCREATE TABLE "schema_migrations" ("version" varchar(255) NOT NULL) [0m
  [4;35;1mSQL (6.9ms)[0m   [0mCREATE UNIQUE INDEX "unique_schema_migrations" ON "schema_migrations" ("version")[0m
  [4;36;1mSQL (0.7ms)[0m   [0;1m SELECT name
 FROM sqlite_master
 WHERE type = 'table' AND NOT name = 'sqlite_sequence'
[0m
  [4;35;1mSQL (0.2ms)[0m   [0mSELECT version FROM "schema_migrations"[0m
  [4;36;1mSQL (10.2ms)[0m   [0;1mINSERT INTO "schema_migrations" (version) VALUES ('20090422025615')[0m
  [4;35;1mSQL (10.4ms)[0m   [0mINSERT INTO "schema_migrations" (version) VALUES ('20090421013704')[0m
  [4;36;1mSQL (14.1ms)[0m   [0;1mINSERT INTO "schema_migrations" (version) VALUES ('20090228074926')[0m
  [4;35;1mSQL (19.5ms)[0m   [0mINSERT INTO "schema_migrations" (version) VALUES ('20090421031301')[0m
  [4;36;1mSQL (67.0ms)[0m   [0;1mINSERT INTO "schema_migrations" (version) VALUES ('20090226061145')[0m
  [4;35;1mSQL (28.6ms)[0m   [0mINSERT INTO "schema_migrations" (version) VALUES ('20090422024757')[0m
** acts_as_taggable_on: initialized properly.
** acts_as_taggable_on: initialized properly.
  [4;36;1mSQL (1.5ms)[0m   [0;1m SELECT name
 FROM sqlite_master
 WHERE type = 'table' AND NOT name = 'sqlite_sequence'
[0m
  [4;35;1mSQL (0.7ms)[0m   [0mSELECT version FROM schema_migrations[0m
Migrating to CreateChurches (20090226061145)
Migrating to CreateServices (20090228074926)
Migrating to AddAttributesToService (20090421013704)
Migrating to CreateServiceTimes (20090421031301)
Migrating to CreateAttachments (20090422024757)
Migrating to AddServiceToAttachment (20090422025615)
Migrating to RenameAttachmentTable (20090422031855)
  [4;36;1mSQL (0.2ms)[0m   [0;1mselect sqlite_version(*)[0m
  [4;35;1mSQL (1.0ms)[0m   [0mALTER TABLE attachments RENAME TO attached_files[0m
  [4;36;1mSQL (0.2ms)[0m   [0;1mINSERT INTO schema_migrations (version) VALUES ('20090422031855')[0m
  [4;35;1mSQL (0.8ms)[0m   [0m SELECT name
 FROM sqlite_master
 WHERE type = 'table' AND NOT name = 'sqlite_sequence'
[0m
  [4;36;1mSQL (0.8ms)[0m   [0;1mSELECT version FROM schema_migrations[0m
  [4;35;1mSQL (0.7ms)[0m   [0m SELECT name
 FROM sqlite_master
 WHERE type = 'table' AND NOT name = 'sqlite_sequence'
[0m
  [4;36;1mSQL (0.1ms)[0m   [0;1mPRAGMA index_list("attached_files")[0m
  [4;35;1mSQL (0.1ms)[0m   [0mPRAGMA index_list("churches")[0m
  [4;36;1mSQL (0.1ms)[0m   [0;1mPRAGMA index_list("service_times")[0m
  [4;35;1mSQL (0.1ms)[0m   [0mPRAGMA index_list("services")[0m
** acts_as_taggable_on: initialized properly.
  [4;36;1mSQL (0.5ms)[0m   [0;1mselect sqlite_version(*)[0m
  [4;35;1mSQL (0.4ms)[0m   [0m SELECT name
 FROM sqlite_master
 WHERE type = 'table' AND NOT name = 'sqlite_sequence'
[0m
  [4;36;1mSQL (105.9ms)[0m   [0;1mCREATE TABLE "attached_files" ("id" INTEGER PRIMARY KEY AUTOINCREMENT NOT NULL, "name" varchar(255), "user_id" integer, "description" text, "created_at" datetime, "updated_at" datetime, "service_id" integer) [0m
  [4;35;1mSQL (0.4ms)[0m   [0m SELECT name
 FROM sqlite_master
 WHERE type = 'table' AND NOT name = 'sqlite_sequence'
[0m
  [4;36;1mSQL (4.2ms)[0m   [0;1mCREATE TABLE "churches" ("id" INTEGER PRIMARY KEY AUTOINCREMENT NOT NULL, "name" varchar(255), "street" varchar(255), "city" varchar(255), "state" varchar(255), "zip" varchar(255), "created_at" datetime, "updated_at" datetime) [0m
  [4;35;1mSQL (0.7ms)[0m   [0m SELECT name
 FROM sqlite_master
 WHERE type = 'table' AND NOT name = 'sqlite_sequence'
[0m
  [4;36;1mSQL (5.5ms)[0m   [0;1mCREATE TABLE "service_times" ("id" INTEGER PRIMARY KEY AUTOINCREMENT NOT NULL, "service_date" date, "service_time" time, "service_id" integer, "created_at" datetime, "updated_at" datetime) [0m
  [4;35;1mSQL (0.5ms)[0m   [0m SELECT name
 FROM sqlite_master
 WHERE type = 'table' AND NOT name = 'sqlite_sequence'
[0m
  [4;36;1mSQL (4.8ms)[0m   [0;1mCREATE TABLE "services" ("id" INTEGER PRIMARY KEY AUTOINCREMENT NOT NULL, "name" varchar(255), "church_id" integer, "created_at" datetime, "updated_at" datetime, "description" text, "season" text, "other" text) [0m
  [4;35;1mSQL (0.6ms)[0m   [0m SELECT name
 FROM sqlite_master
 WHERE type = 'table' AND NOT name = 'sqlite_sequence'
[0m
  [4;36;1mSQL (4.6ms)[0m   [0;1mCREATE TABLE "schema_migrations" ("version" varchar(255) NOT NULL) [0m
  [4;35;1mSQL (11.2ms)[0m   [0mCREATE UNIQUE INDEX "unique_schema_migrations" ON "schema_migrations" ("version")[0m
  [4;36;1mSQL (0.7ms)[0m   [0;1m SELECT name
 FROM sqlite_master
 WHERE type = 'table' AND NOT name = 'sqlite_sequence'
[0m
  [4;35;1mSQL (0.2ms)[0m   [0mSELECT version FROM "schema_migrations"[0m
  [4;36;1mSQL (10.6ms)[0m   [0;1mINSERT INTO "schema_migrations" (version) VALUES ('20090422031855')[0m
  [4;35;1mSQL (31.0ms)[0m   [0mINSERT INTO "schema_migrations" (version) VALUES ('20090421013704')[0m
  [4;36;1mSQL (43.9ms)[0m   [0;1mINSERT INTO "schema_migrations" (version) VALUES ('20090228074926')[0m
  [4;35;1mSQL (69.7ms)[0m   [0mINSERT INTO "schema_migrations" (version) VALUES ('20090422025615')[0m
  [4;36;1mSQL (5.2ms)[0m   [0;1mINSERT INTO "schema_migrations" (version) VALUES ('20090421031301')[0m
  [4;35;1mSQL (28.9ms)[0m   [0mINSERT INTO "schema_migrations" (version) VALUES ('20090226061145')[0m
  [4;36;1mSQL (7.1ms)[0m   [0;1mINSERT INTO "schema_migrations" (version) VALUES ('20090422024757')[0m
** acts_as_taggable_on: initialized properly.
  [4;36;1mSQL (0.6ms)[0m   [0;1mselect sqlite_version(*)[0m
  [4;35;1mSQL (0.4ms)[0m   [0m SELECT name
 FROM sqlite_master
 WHERE type = 'table' AND NOT name = 'sqlite_sequence'
[0m
  [4;36;1mSQL (104.9ms)[0m   [0;1mCREATE TABLE "attached_files" ("id" INTEGER PRIMARY KEY AUTOINCREMENT NOT NULL, "name" varchar(255), "user_id" integer, "description" text, "created_at" datetime, "updated_at" datetime, "service_id" integer) [0m
  [4;35;1mSQL (0.5ms)[0m   [0m SELECT name
 FROM sqlite_master
 WHERE type = 'table' AND NOT name = 'sqlite_sequence'
[0m
  [4;36;1mSQL (4.2ms)[0m   [0;1mCREATE TABLE "churches" ("id" INTEGER PRIMARY KEY AUTOINCREMENT NOT NULL, "name" varchar(255), "street" varchar(255), "city" varchar(255), "state" varchar(255), "zip" varchar(255), "created_at" datetime, "updated_at" datetime) [0m
  [4;35;1mSQL (0.5ms)[0m   [0m SELECT name
 FROM sqlite_master
 WHERE type = 'table' AND NOT name = 'sqlite_sequence'
[0m
  [4;36;1mSQL (4.3ms)[0m   [0;1mCREATE TABLE "service_times" ("id" INTEGER PRIMARY KEY AUTOINCREMENT NOT NULL, "service_date" date, "service_time" time, "service_id" integer, "created_at" datetime, "updated_at" datetime) [0m
  [4;35;1mSQL (0.6ms)[0m   [0m SELECT name
 FROM sqlite_master
 WHERE type = 'table' AND NOT name = 'sqlite_sequence'
[0m
  [4;36;1mSQL (4.4ms)[0m   [0;1mCREATE TABLE "services" ("id" INTEGER PRIMARY KEY AUTOINCREMENT NOT NULL, "name" varchar(255), "church_id" integer, "created_at" datetime, "updated_at" datetime, "description" text, "season" text, "other" text) [0m
  [4;35;1mSQL (0.7ms)[0m   [0m SELECT name
 FROM sqlite_master
 WHERE type = 'table' AND NOT name = 'sqlite_sequence'
[0m
  [4;36;1mSQL (4.7ms)[0m   [0;1mCREATE TABLE "schema_migrations" ("version" varchar(255) NOT NULL) [0m
  [4;35;1mSQL (6.4ms)[0m   [0mCREATE UNIQUE INDEX "unique_schema_migrations" ON "schema_migrations" ("version")[0m
  [4;36;1mSQL (0.8ms)[0m   [0;1m SELECT name
 FROM sqlite_master
 WHERE type = 'table' AND NOT name = 'sqlite_sequence'
[0m
  [4;35;1mSQL (0.2ms)[0m   [0mSELECT version FROM "schema_migrations"[0m
  [4;36;1mSQL (4.6ms)[0m   [0;1mINSERT INTO "schema_migrations" (version) VALUES ('20090422031855')[0m
  [4;35;1mSQL (6.4ms)[0m   [0mINSERT INTO "schema_migrations" (version) VALUES ('20090421013704')[0m
  [4;36;1mSQL (16.9ms)[0m   [0;1mINSERT INTO "schema_migrations" (version) VALUES ('20090228074926')[0m
  [4;35;1mSQL (38.3ms)[0m   [0mINSERT INTO "schema_migrations" (version) VALUES ('20090422025615')[0m
  [4;36;1mSQL (71.5ms)[0m   [0;1mINSERT INTO "schema_migrations" (version) VALUES ('20090421031301')[0m
  [4;35;1mSQL (5.4ms)[0m   [0mINSERT INTO "schema_migrations" (version) VALUES ('20090226061145')[0m
  [4;36;1mSQL (4.3ms)[0m   [0;1mINSERT INTO "schema_migrations" (version) VALUES ('20090422024757')[0m
** acts_as_taggable_on: initialized properly.
  [4;36;1mSQL (1.5ms)[0m   [0;1m SELECT name
 FROM sqlite_master
 WHERE type = 'table' AND NOT name = 'sqlite_sequence'
[0m
  [4;35;1mSQL (0.8ms)[0m   [0mSELECT version FROM schema_migrations[0m
  [4;36;1mSQL (0.4ms)[0m   [0;1mselect sqlite_version(*)[0m
  [4;35;1mSQL (0.3ms)[0m   [0m SELECT name
 FROM sqlite_master
 WHERE type = 'table' AND NOT name = 'sqlite_sequence'
[0m
  [4;36;1mSQL (102.8ms)[0m   [0;1mCREATE TABLE "attached_files" ("id" INTEGER PRIMARY KEY AUTOINCREMENT NOT NULL, "name" varchar(255), "user_id" integer, "description" text, "created_at" datetime, "updated_at" datetime, "service_id" integer) [0m
  [4;35;1mSQL (0.4ms)[0m   [0m SELECT name
 FROM sqlite_master
 WHERE type = 'table' AND NOT name = 'sqlite_sequence'
[0m
  [4;36;1mSQL (4.1ms)[0m   [0;1mCREATE TABLE "churches" ("id" INTEGER PRIMARY KEY AUTOINCREMENT NOT NULL, "name" varchar(255), "street" varchar(255), "city" varchar(255), "state" varchar(255), "zip" varchar(255), "created_at" datetime, "updated_at" datetime) [0m
  [4;35;1mSQL (0.4ms)[0m   [0m SELECT name
 FROM sqlite_master
 WHERE type = 'table' AND NOT name = 'sqlite_sequence'
[0m
  [4;36;1mSQL (5.1ms)[0m   [0;1mCREATE TABLE "service_times" ("id" INTEGER PRIMARY KEY AUTOINCREMENT NOT NULL, "service_date" date, "service_time" time, "service_id" integer, "created_at" datetime, "updated_at" datetime) [0m
  [4;35;1mSQL (0.6ms)[0m   [0m SELECT name
 FROM sqlite_master
 WHERE type = 'table' AND NOT name = 'sqlite_sequence'
[0m
  [4;36;1mSQL (4.7ms)[0m   [0;1mCREATE TABLE "services" ("id" INTEGER PRIMARY KEY AUTOINCREMENT NOT NULL, "name" varchar(255), "church_id" integer, "created_at" datetime, "updated_at" datetime, "description" text, "season" text, "other" text) [0m
  [4;35;1mSQL (0.6ms)[0m   [0m SELECT name
 FROM sqlite_master
 WHERE type = 'table' AND NOT name = 'sqlite_sequence'
[0m
  [4;36;1mSQL (4.5ms)[0m   [0;1mCREATE TABLE "schema_migrations" ("version" varchar(255) NOT NULL) [0m
  [4;35;1mSQL (6.7ms)[0m   [0mCREATE UNIQUE INDEX "unique_schema_migrations" ON "schema_migrations" ("version")[0m
  [4;36;1mSQL (0.7ms)[0m   [0;1m SELECT name
 FROM sqlite_master
 WHERE type = 'table' AND NOT name = 'sqlite_sequence'
[0m
  [4;35;1mSQL (0.2ms)[0m   [0mSELECT version FROM "schema_migrations"[0m
  [4;36;1mSQL (4.4ms)[0m   [0;1mINSERT INTO "schema_migrations" (version) VALUES ('20090422031855')[0m
  [4;35;1mSQL (20.1ms)[0m   [0mINSERT INTO "schema_migrations" (version) VALUES ('20090421013704')[0m
  [4;36;1mSQL (40.8ms)[0m   [0;1mINSERT INTO "schema_migrations" (version) VALUES ('20090228074926')[0m
  [4;35;1mSQL (57.6ms)[0m   [0mINSERT INTO "schema_migrations" (version) VALUES ('20090422025615')[0m
  [4;36;1mSQL (56.8ms)[0m   [0;1mINSERT INTO "schema_migrations" (version) VALUES ('20090421031301')[0m
  [4;35;1mSQL (28.3ms)[0m   [0mINSERT INTO "schema_migrations" (version) VALUES ('20090226061145')[0m
  [4;36;1mSQL (6.4ms)[0m   [0;1mINSERT INTO "schema_migrations" (version) VALUES ('20090422024757')[0m
